[22:51:11] [INFO] received Windows console close event; shutting log-core down
[2020-11-25 22:51:11] [INFO] received Windows console close event
[2020-11-25 22:51:11] [INFO] log-core will now safely shut itself down
[22:51:53] [INFO] received Windows console close event; shutting log-core down
[2020-11-25 22:51:54] [INFO] received Windows console close event
[2020-11-25 22:51:54] [INFO] log-core will now safely shut itself down
[22:52:06] [INFO] received Windows console close event; shutting log-core down
[2020-11-25 22:52:06] [INFO] received Windows console close event
[2020-11-25 22:52:06] [INFO] log-core will now safely shut itself down
[00:05:08] [INFO] received Windows console close event; shutting log-core down
[2020-11-26 00:05:08] [INFO] received Windows console close event
[2020-11-26 00:05:08] [INFO] log-core will now safely shut itself down
[00:13:40] [INFO] received Windows console close event; shutting log-core down
[2020-11-26 00:13:40] [INFO] received Windows console close event
[2020-11-26 00:13:40] [INFO] log-core will now safely shut itself down
[11:23:33] [INFO] received Windows console close event; shutting log-core down
[2020-11-26 11:23:33] [INFO] received Windows console close event
[2020-11-26 11:23:33] [INFO] log-core will now safely shut itself down
[11:34:01] [INFO] received Windows console close event; shutting log-core down
[2020-11-26 11:34:01] [INFO] received Windows console close event
[2020-11-26 11:34:01] [INFO] log-core will now safely shut itself down
[11:43:09] [INFO] received Windows console close event; shutting log-core down
[2020-11-26 11:43:09] [INFO] received Windows console close event
[2020-11-26 11:43:09] [INFO] log-core will now safely shut itself down
[11:44:58] [INFO] received Windows console close event; shutting log-core down
[2020-11-26 11:44:58] [INFO] received Windows console close event
[2020-11-26 11:44:58] [INFO] log-core will now safely shut itself down
[12:48:28] [INFO] received Windows console close event; shutting log-core down
[2020-11-26 12:48:28] [INFO] received Windows console close event
[2020-11-26 12:48:28] [INFO] log-core will now safely shut itself down
[12:52:59] [INFO] received Windows console close event; shutting log-core down
[2020-11-26 12:52:59] [INFO] received Windows console close event
[2020-11-26 12:52:59] [INFO] log-core will now safely shut itself down
[16:11:08] [INFO] received Windows console close event; shutting log-core down
[2020-11-26 16:11:08] [INFO] received Windows console close event
[2020-11-26 16:11:08] [INFO] log-core will now safely shut itself down
[16:21:32] [INFO] received Windows console close event; shutting log-core down
[2020-11-26 16:21:32] [INFO] received Windows console close event
[2020-11-26 16:21:32] [INFO] log-core will now safely shut itself down
[16:22:57] [INFO] received Windows console close event; shutting log-core down
[2020-11-26 16:22:57] [INFO] received Windows console close event
[2020-11-26 16:22:57] [INFO] log-core will now safely shut itself down
[16:30:30] [INFO] received Windows console close event; shutting log-core down
[2020-11-26 16:30:30] [INFO] received Windows console close event
[2020-11-26 16:30:30] [INFO] log-core will now safely shut itself down
[16:42:11] [INFO] received Windows console close event; shutting log-core down
[2020-11-26 16:42:11] [INFO] received Windows console close event
[2020-11-26 16:42:11] [INFO] log-core will now safely shut itself down
[17:07:56] [INFO] received Windows console close event; shutting log-core down
[2020-11-26 17:07:56] [INFO] received Windows console close event
[2020-11-26 17:07:56] [INFO] log-core will now safely shut itself down
[17:15:52] [INFO] received Windows console close event; shutting log-core down
[2020-11-26 17:15:52] [INFO] received Windows console close event
[2020-11-26 17:15:52] [INFO] log-core will now safely shut itself down
[17:17:26] [INFO] received Windows console close event; shutting log-core down
[2020-11-26 17:17:26] [INFO] received Windows console close event
[2020-11-26 17:17:26] [INFO] log-core will now safely shut itself down
[17:28:01] [INFO] received Windows console close event; shutting log-core down
[2020-11-26 17:28:01] [INFO] received Windows console close event
[2020-11-26 17:28:01] [INFO] log-core will now safely shut itself down
[17:40:32] [INFO] received Windows console close event; shutting log-core down
[2020-11-26 17:40:32] [INFO] received Windows console close event
[2020-11-26 17:40:32] [INFO] log-core will now safely shut itself down
[17:49:26] [INFO] received Windows console close event; shutting log-core down
[2020-11-26 17:49:26] [INFO] received Windows console close event
[2020-11-26 17:49:26] [INFO] log-core will now safely shut itself down
[18:07:21] [INFO] received Windows console close event; shutting log-core down
[2020-11-26 18:07:21] [INFO] received Windows console close event
[2020-11-26 18:07:21] [INFO] log-core will now safely shut itself down
[18:09:54] [INFO] received Windows console close event; shutting log-core down
[2020-11-26 18:09:54] [INFO] received Windows console close event
[2020-11-26 18:09:54] [INFO] log-core will now safely shut itself down
[18:12:15] [INFO] received Windows console close event; shutting log-core down
[2020-11-26 18:12:15] [INFO] received Windows console close event
[2020-11-26 18:12:15] [INFO] log-core will now safely shut itself down
[18:14:14] [INFO] received Windows console close event; shutting log-core down
[2020-11-26 18:14:14] [INFO] received Windows console close event
[2020-11-26 18:14:14] [INFO] log-core will now safely shut itself down
[18:17:53] [INFO] received Windows console close event; shutting log-core down
[2020-11-26 18:17:53] [INFO] received Windows console close event
[2020-11-26 18:17:53] [INFO] log-core will now safely shut itself down
[18:27:26] [INFO] received Windows console close event; shutting log-core down
[2020-11-26 18:27:26] [INFO] received Windows console close event
[2020-11-26 18:27:26] [INFO] log-core will now safely shut itself down
[18:53:45] [INFO] received Windows console close event; shutting log-core down
[2020-11-26 18:53:45] [INFO] received Windows console close event
[2020-11-26 18:53:45] [INFO] log-core will now safely shut itself down
[18:59:20] [INFO] received Windows console close event; shutting log-core down
[2020-11-26 18:59:20] [INFO] received Windows console close event
[2020-11-26 18:59:20] [INFO] log-core will now safely shut itself down
[17:31:28] [INFO] received Windows console close event; shutting log-core down
[2020-12-05 17:31:28] [INFO] received Windows console close event
[2020-12-05 17:31:28] [INFO] log-core will now safely shut itself down
[16:34:55] [INFO] received Windows console close event; shutting log-core down
[2020-12-07 16:34:55] [INFO] received Windows console close event
[2020-12-07 16:34:55] [INFO] log-core will now safely shut itself down
[16:37:58] [INFO] received Windows console close event; shutting log-core down
[2020-12-07 16:37:58] [INFO] received Windows console close event
[2020-12-07 16:37:58] [INFO] log-core will now safely shut itself down
[16:47:12] [INFO] received Windows console close event; shutting log-core down
[2020-12-07 16:47:12] [INFO] received Windows console close event
[2020-12-07 16:47:12] [INFO] log-core will now safely shut itself down
[23:16:44] [INFO] received Windows console close event; shutting log-core down
[2021-02-02 23:16:44] [INFO] received Windows console close event
[2021-02-02 23:16:44] [INFO] log-core will now safely shut itself down
[23:35:56] [INFO] received Windows console close event; shutting log-core down
[2021-02-02 23:35:56] [INFO] received Windows console close event
[2021-02-02 23:35:56] [INFO] log-core will now safely shut itself down
[12:58:29] [INFO] received Windows console close event; shutting log-core down
[2021-02-03 12:58:29] [INFO] received Windows console close event
[2021-02-03 12:58:29] [INFO] log-core will now safely shut itself down
[13:05:54] [INFO] received Windows console close event; shutting log-core down
[2021-02-03 13:05:54] [INFO] received Windows console close event
[2021-02-03 13:05:54] [INFO] log-core will now safely shut itself down
[13:21:34] [INFO] received Windows console close event; shutting log-core down
[2021-02-03 13:21:34] [INFO] received Windows console close event
[2021-02-03 13:21:34] [INFO] log-core will now safely shut itself down
[13:24:01] [INFO] received Windows console close event; shutting log-core down
[2021-02-03 13:24:01] [INFO] received Windows console close event
[2021-02-03 13:24:01] [INFO] log-core will now safely shut itself down
[13:37:34] [INFO] received Windows console close event; shutting log-core down
[2021-02-03 13:37:34] [INFO] received Windows console close event
[2021-02-03 13:37:34] [INFO] log-core will now safely shut itself down
[15:33:22] [INFO] received Windows console close event; shutting log-core down
[2021-02-03 15:33:22] [INFO] received Windows console close event
[2021-02-03 15:33:22] [INFO] log-core will now safely shut itself down
[15:37:54] [INFO] received Windows console close event; shutting log-core down
[2021-02-03 15:37:54] [INFO] received Windows console close event
[2021-02-03 15:37:54] [INFO] log-core will now safely shut itself down
[15:43:33] [INFO] received Windows console close event; shutting log-core down
[2021-02-03 15:43:33] [INFO] received Windows console close event
[2021-02-03 15:43:33] [INFO] log-core will now safely shut itself down
[09:35:21] [INFO] received Windows console close event; shutting log-core down
[2021-02-04 09:35:21] [INFO] received Windows console close event
[2021-02-04 09:35:21] [INFO] log-core will now safely shut itself down
[13:00:49] [INFO] received Windows console close event; shutting log-core down
[2021-02-04 13:00:49] [INFO] received Windows console close event
[2021-02-04 13:00:49] [INFO] log-core will now safely shut itself down
[02/04/21 13:00:49] [INFO] caught exception 0XC0000005 (ACCESS_VIOLATION) from Vectored Exception Handler
[02/04/21 13:00:49] [INFO] log-core has detected a server crash and will now safely shut itself down
[13:12:57] [INFO] received Windows console close event; shutting log-core down
[2021-02-04 13:12:57] [INFO] received Windows console close event
[2021-02-04 13:12:57] [INFO] log-core will now safely shut itself down
[02/04/21 13:12:58] [INFO] caught exception 0XC0000005 (ACCESS_VIOLATION) from Vectored Exception Handler
[02/04/21 13:12:58] [INFO] log-core has detected a server crash and will now safely shut itself down
[19:07:30] [INFO] received Windows console close event; shutting log-core down
[19:38:32] [INFO] received Windows console close event; shutting log-core down
[2021-02-05 19:38:32] [INFO] received Windows console close event
[2021-02-05 19:38:32] [INFO] log-core will now safely shut itself down
[20:46:42] [INFO] received Windows console close event; shutting log-core down
[2021-02-05 20:46:42] [INFO] received Windows console close event
[2021-02-05 20:46:42] [INFO] log-core will now safely shut itself down
[20:50:13] [INFO] received Windows console close event; shutting log-core down
[2021-02-05 20:50:13] [INFO] received Windows console close event
[2021-02-05 20:50:13] [INFO] log-core will now safely shut itself down
[20:52:23] [INFO] received Windows console close event; shutting log-core down
[2021-02-05 20:52:23] [INFO] received Windows console close event
[2021-02-05 20:52:23] [INFO] log-core will now safely shut itself down
[20:54:44] [INFO] received Windows console close event; shutting log-core down
[2021-02-05 20:54:44] [INFO] received Windows console close event
[2021-02-05 20:54:44] [INFO] log-core will now safely shut itself down
[21:01:38] [INFO] received Windows console close event; shutting log-core down
[2021-02-05 21:01:38] [INFO] received Windows console close event
[2021-02-05 21:01:38] [INFO] log-core will now safely shut itself down
[21:01:43] [INFO] received Windows console close event; shutting log-core down
[2021-02-05 21:01:43] [INFO] received Windows console close event
[2021-02-05 21:01:43] [INFO] log-core will now safely shut itself down
[21:03:38] [INFO] received Windows console close event; shutting log-core down
[2021-02-05 21:03:38] [INFO] received Windows console close event
[2021-02-05 21:03:38] [INFO] log-core will now safely shut itself down
[13:36:00] [INFO] received Windows console close event; shutting log-core down
[2021-02-06 13:36:00] [INFO] received Windows console close event
[2021-02-06 13:36:00] [INFO] log-core will now safely shut itself down
[20:14:14] [INFO] received Windows console close event; shutting log-core down
[2021-02-11 20:14:14] [INFO] received Windows console close event
[2021-02-11 20:14:14] [INFO] log-core will now safely shut itself down
[20:15:43] [INFO] received Windows console close event; shutting log-core down
[2021-02-11 20:15:43] [INFO] received Windows console close event
[2021-02-11 20:15:43] [INFO] log-core will now safely shut itself down
[20:24:44] [INFO] received Windows console close event; shutting log-core down
[2021-02-11 20:24:44] [INFO] received Windows console close event
[2021-02-11 20:24:44] [INFO] log-core will now safely shut itself down
[20:26:01] [INFO] received Windows console close event; shutting log-core down
[2021-02-11 20:26:01] [INFO] received Windows console close event
[2021-02-11 20:26:01] [INFO] log-core will now safely shut itself down
[20:27:51] [INFO] received Windows console close event; shutting log-core down
[2021-02-11 20:27:51] [INFO] received Windows console close event
[2021-02-11 20:27:51] [INFO] log-core will now safely shut itself down
[20:30:37] [INFO] received Windows console close event; shutting log-core down
[2021-02-11 20:30:37] [INFO] received Windows console close event
[2021-02-11 20:30:37] [INFO] log-core will now safely shut itself down
[21:08:15] [INFO] received Windows console close event; shutting log-core down
[2021-02-11 21:08:15] [INFO] received Windows console close event
[2021-02-11 21:08:15] [INFO] log-core will now safely shut itself down
[21:21:40] [INFO] received Windows console close event; shutting log-core down
[2021-02-11 21:21:40] [INFO] received Windows console close event
[2021-02-11 21:21:40] [INFO] log-core will now safely shut itself down
[21:24:15] [INFO] received Windows console close event; shutting log-core down
[2021-02-11 21:24:15] [INFO] received Windows console close event
[2021-02-11 21:24:15] [INFO] log-core will now safely shut itself down
[21:32:48] [INFO] received Windows console close event; shutting log-core down
[2021-02-11 21:32:48] [INFO] received Windows console close event
[2021-02-11 21:32:48] [INFO] log-core will now safely shut itself down
[21:35:20] [INFO] received Windows console close event; shutting log-core down
[2021-02-11 21:35:20] [INFO] received Windows console close event
[2021-02-11 21:35:20] [INFO] log-core will now safely shut itself down
[21:40:56] [INFO] received Windows console close event; shutting log-core down
[2021-02-11 21:40:56] [INFO] received Windows console close event
[2021-02-11 21:40:56] [INFO] log-core will now safely shut itself down
[21:42:50] [INFO] received Windows console close event; shutting log-core down
[2021-02-11 21:42:50] [INFO] received Windows console close event
[2021-02-11 21:42:50] [INFO] log-core will now safely shut itself down
[21:44:36] [INFO] received Windows console close event; shutting log-core down
[2021-02-11 21:44:36] [INFO] received Windows console close event
[2021-02-11 21:44:36] [INFO] log-core will now safely shut itself down
[21:52:05] [INFO] received Windows console close event; shutting log-core down
[2021-02-11 21:52:05] [INFO] received Windows console close event
[2021-02-11 21:52:05] [INFO] log-core will now safely shut itself down
[21:52:06] [INFO] received Windows console close event; shutting log-core down
[2021-02-11 21:52:06] [INFO] received Windows console close event
[2021-02-11 21:52:06] [INFO] log-core will now safely shut itself down
[21:53:14] [INFO] received Windows console close event; shutting log-core down
[2021-02-11 21:53:14] [INFO] received Windows console close event
[2021-02-11 21:53:14] [INFO] log-core will now safely shut itself down
[23:23:08] [INFO] received Windows console close event; shutting log-core down
[2021-02-12 23:23:08] [INFO] received Windows console close event
[2021-02-12 23:23:08] [INFO] log-core will now safely shut itself down
[23:24:54] [INFO] received Windows console close event; shutting log-core down
[2021-02-12 23:24:54] [INFO] received Windows console close event
[2021-02-12 23:24:54] [INFO] log-core will now safely shut itself down
[23:28:58] [INFO] received Windows console close event; shutting log-core down
[2021-02-12 23:28:58] [INFO] received Windows console close event
[2021-02-12 23:28:58] [INFO] log-core will now safely shut itself down
[23:45:56] [INFO] received Windows console close event; shutting log-core down
[2021-02-12 23:45:56] [INFO] received Windows console close event
[2021-02-12 23:45:56] [INFO] log-core will now safely shut itself down
[23:54:09] [INFO] received Windows console close event; shutting log-core down
[2021-02-12 23:54:09] [INFO] received Windows console close event
[2021-02-12 23:54:09] [INFO] log-core will now safely shut itself down
[15:31:29] [INFO] received Windows console close event; shutting log-core down
[2021-02-13 15:31:29] [INFO] received Windows console close event
[2021-02-13 15:31:29] [INFO] log-core will now safely shut itself down
[15:32:55] [INFO] received Windows console close event; shutting log-core down
[2021-02-13 15:32:55] [INFO] received Windows console close event
[2021-02-13 15:32:55] [INFO] log-core will now safely shut itself down
[17:16:19] [INFO] received Windows console close event; shutting log-core down
[2021-02-13 17:16:19] [INFO] received Windows console close event
[2021-02-13 17:16:19] [INFO] log-core will now safely shut itself down
[00:32:48] [INFO] received Windows console close event; shutting log-core down
[2021-02-14 00:32:48] [INFO] received Windows console close event
[2021-02-14 00:32:48] [INFO] log-core will now safely shut itself down
[00:35:04] [INFO] received Windows console close event; shutting log-core down
[2021-02-14 00:35:04] [INFO] received Windows console close event
[2021-02-14 00:35:04] [INFO] log-core will now safely shut itself down
[00:35:40] [INFO] received Windows console close event; shutting log-core down
[2021-02-14 00:35:41] [INFO] received Windows console close event
[2021-02-14 00:35:41] [INFO] log-core will now safely shut itself down
[00:38:01] [INFO] received Windows console close event; shutting log-core down
[2021-02-14 00:38:01] [INFO] received Windows console close event
[2021-02-14 00:38:01] [INFO] log-core will now safely shut itself down
[00:50:45] [INFO] received Windows console close event; shutting log-core down
[2021-02-14 00:50:45] [INFO] received Windows console close event
[2021-02-14 00:50:45] [INFO] log-core will now safely shut itself down
[00:55:53] [INFO] received Windows console close event; shutting log-core down
[2021-02-14 00:55:53] [INFO] received Windows console close event
[2021-02-14 00:55:53] [INFO] log-core will now safely shut itself down
[00:59:42] [INFO] received Windows console close event; shutting log-core down
[2021-02-14 00:59:42] [INFO] received Windows console close event
[2021-02-14 00:59:42] [INFO] log-core will now safely shut itself down
[01:11:17] [INFO] received Windows console close event; shutting log-core down
[2021-02-14 01:11:17] [INFO] received Windows console close event
[2021-02-14 01:11:17] [INFO] log-core will now safely shut itself down
[01:13:07] [INFO] received Windows console close event; shutting log-core down
[2021-02-14 01:13:07] [INFO] received Windows console close event
[2021-02-14 01:13:07] [INFO] log-core will now safely shut itself down
[00:00:02] [INFO] received Windows console close event; shutting log-core down
[2022-07-08 00:00:02] [INFO] received Windows console close event
[2022-07-08 00:00:02] [INFO] log-core will now safely shut itself down
[07/08/22 00:00:02] [INFO] caught exception 0XC0000005 (ACCESS_VIOLATION) from Vectored Exception Handler
[07/08/22 00:00:02] [INFO] log-core has detected a server crash and will now safely shut itself down
[00:21:51] [INFO] received Windows console close event; shutting log-core down
[2022-07-08 00:21:51] [INFO] received Windows console close event
[2022-07-08 00:21:51] [INFO] log-core will now safely shut itself down
[07/08/22 00:21:51] [INFO] caught exception 0XC0000005 (ACCESS_VIOLATION) from Vectored Exception Handler
[07/08/22 00:21:51] [INFO] log-core has detected a server crash and will now safely shut itself down
[01:12:28] [INFO] received Windows console close event; shutting log-core down
[2022-07-08 01:12:28] [INFO] received Windows console close event
[2022-07-08 01:12:28] [INFO] log-core will now safely shut itself down
[01:33:38] [INFO] received Windows console close event; shutting log-core down
[2022-07-08 01:33:38] [INFO] received Windows console close event
[2022-07-08 01:33:38] [INFO] log-core will now safely shut itself down
[17:15:01] [INFO] received Windows console close event; shutting log-core down
[2023-05-21 17:15:01] [INFO] received Windows console close event
[2023-05-21 17:15:01] [INFO] log-core will now safely shut itself down
[17:25:17] [INFO] received Windows console close event; shutting log-core down
[2023-05-21 17:25:17] [INFO] received Windows console close event
[2023-05-21 17:25:17] [INFO] log-core will now safely shut itself down
[22:33:37] [INFO] received Windows console close event; shutting log-core down
[2023-05-21 22:33:37] [INFO] received Windows console close event
[2023-05-21 22:33:37] [INFO] log-core will now safely shut itself down
[22:36:13] [INFO] received Windows console close event; shutting log-core down
[2023-05-21 22:36:13] [INFO] received Windows console close event
[2023-05-21 22:36:13] [INFO] log-core will now safely shut itself down
[22:45:08] [INFO] received Windows console close event; shutting log-core down
[2023-05-21 22:45:08] [INFO] received Windows console close event
[2023-05-21 22:45:08] [INFO] log-core will now safely shut itself down
[23:09:54] [INFO] received Windows console close event; shutting log-core down
[2023-05-21 23:09:54] [INFO] received Windows console close event
[2023-05-21 23:09:54] [INFO] log-core will now safely shut itself down
[23:11:54] [INFO] received Windows console close event; shutting log-core down
[2023-05-21 23:11:54] [INFO] received Windows console close event
[2023-05-21 23:11:54] [INFO] log-core will now safely shut itself down
[23:12:20] [INFO] received Windows console close event; shutting log-core down
[2023-05-21 23:12:20] [INFO] received Windows console close event
[2023-05-21 23:12:20] [INFO] log-core will now safely shut itself down
[23:14:34] [INFO] received Windows console close event; shutting log-core down
[2023-05-21 23:14:34] [INFO] received Windows console close event
[2023-05-21 23:14:34] [INFO] log-core will now safely shut itself down
[23:59:16] [INFO] received Windows console close event; shutting log-core down
[2023-05-21 23:59:16] [INFO] received Windows console close event
[2023-05-21 23:59:16] [INFO] log-core will now safely shut itself down
[00:02:32] [INFO] received Windows console close event; shutting log-core down
[2023-05-22 00:02:32] [INFO] received Windows console close event
[2023-05-22 00:02:32] [INFO] log-core will now safely shut itself down
[00:06:56] [INFO] received Windows console close event; shutting log-core down
[2023-05-22 00:06:56] [INFO] received Windows console close event
[2023-05-22 00:06:56] [INFO] log-core will now safely shut itself down
[00:07:20] [INFO] received Windows console close event; shutting log-core down
[2023-05-22 00:07:20] [INFO] received Windows console close event
[2023-05-22 00:07:20] [INFO] log-core will now safely shut itself down
[00:52:44] [INFO] received Windows console close event; shutting log-core down
[2023-05-22 00:52:44] [INFO] received Windows console close event
[2023-05-22 00:52:44] [INFO] log-core will now safely shut itself down
[00:54:44] [INFO] received Windows console close event; shutting log-core down
[2023-05-22 00:54:44] [INFO] received Windows console close event
[2023-05-22 00:54:44] [INFO] log-core will now safely shut itself down
[02:02:13] [INFO] received Windows console close event; shutting log-core down
[2023-05-23 02:02:13] [INFO] received Windows console close event
[2023-05-23 02:02:13] [INFO] log-core will now safely shut itself down
[02:03:35] [INFO] received Windows console close event; shutting log-core down
[2023-05-23 02:03:35] [INFO] received Windows console close event
[2023-05-23 02:03:35] [INFO] log-core will now safely shut itself down
[02:04:45] [INFO] received Windows console close event; shutting log-core down
[2023-05-23 02:04:45] [INFO] received Windows console close event
[2023-05-23 02:04:45] [INFO] log-core will now safely shut itself down
[02:07:15] [INFO] received Windows console close event; shutting log-core down
[2023-05-23 02:07:15] [INFO] received Windows console close event
[2023-05-23 02:07:15] [INFO] log-core will now safely shut itself down
[02:13:36] [INFO] received Windows console close event; shutting log-core down
[2023-05-23 02:13:36] [INFO] received Windows console close event
[2023-05-23 02:13:36] [INFO] log-core will now safely shut itself down
[21:48:57] [INFO] received Windows console close event; shutting log-core down
[2023-05-23 21:48:57] [INFO] received Windows console close event
[2023-05-23 21:48:57] [INFO] log-core will now safely shut itself down
